[ 2025-02-13 20:01:53,686 ] asyncio - DEBUG - Using proactor: IocpProactor
[ 2025-02-13 20:01:59,881 ] python_multipart.multipart - DEBUG - Calling on_field_start with no data
[ 2025-02-13 20:01:59,881 ] python_multipart.multipart - DEBUG - Calling on_field_name with data[0:9]
[ 2025-02-13 20:01:59,881 ] python_multipart.multipart - DEBUG - Calling on_field_data with data[10:14]
[ 2025-02-13 20:01:59,881 ] python_multipart.multipart - DEBUG - Calling on_field_end with no data
[ 2025-02-13 20:01:59,881 ] python_multipart.multipart - DEBUG - Calling on_field_start with no data
[ 2025-02-13 20:01:59,881 ] python_multipart.multipart - DEBUG - Calling on_field_name with data[15:36]
[ 2025-02-13 20:01:59,881 ] python_multipart.multipart - DEBUG - Calling on_field_data with data[37:47]
[ 2025-02-13 20:01:59,881 ] python_multipart.multipart - DEBUG - Calling on_field_end with no data
[ 2025-02-13 20:01:59,881 ] python_multipart.multipart - DEBUG - Calling on_field_start with no data
[ 2025-02-13 20:01:59,881 ] python_multipart.multipart - DEBUG - Calling on_field_name with data[48:66]
[ 2025-02-13 20:01:59,881 ] python_multipart.multipart - DEBUG - Calling on_field_data with data[67:68]
[ 2025-02-13 20:01:59,881 ] python_multipart.multipart - DEBUG - Calling on_field_end with no data
[ 2025-02-13 20:01:59,881 ] python_multipart.multipart - DEBUG - Calling on_field_start with no data
[ 2025-02-13 20:01:59,881 ] python_multipart.multipart - DEBUG - Calling on_field_name with data[69:90]
[ 2025-02-13 20:01:59,881 ] python_multipart.multipart - DEBUG - Calling on_field_data with data[91:92]
[ 2025-02-13 20:01:59,881 ] python_multipart.multipart - DEBUG - Calling on_field_end with no data
[ 2025-02-13 20:01:59,881 ] python_multipart.multipart - DEBUG - Calling on_field_start with no data
[ 2025-02-13 20:01:59,881 ] python_multipart.multipart - DEBUG - Calling on_field_name with data[93:108]
[ 2025-02-13 20:01:59,881 ] python_multipart.multipart - DEBUG - Calling on_field_data with data[109:114]
[ 2025-02-13 20:01:59,881 ] python_multipart.multipart - DEBUG - Calling on_field_end with no data
[ 2025-02-13 20:01:59,881 ] python_multipart.multipart - DEBUG - Calling on_field_start with no data
[ 2025-02-13 20:01:59,881 ] python_multipart.multipart - DEBUG - Calling on_field_name with data[115:135]
[ 2025-02-13 20:01:59,881 ] python_multipart.multipart - DEBUG - Calling on_field_data with data[136:145]
[ 2025-02-13 20:01:59,881 ] python_multipart.multipart - DEBUG - Calling on_field_end with no data
[ 2025-02-13 20:01:59,881 ] python_multipart.multipart - DEBUG - Calling on_field_start with no data
[ 2025-02-13 20:01:59,881 ] python_multipart.multipart - DEBUG - Calling on_field_name with data[146:161]
[ 2025-02-13 20:01:59,881 ] python_multipart.multipart - DEBUG - Calling on_field_data with data[162:166]
[ 2025-02-13 20:01:59,881 ] python_multipart.multipart - DEBUG - Calling on_field_end with no data
[ 2025-02-13 20:01:59,881 ] python_multipart.multipart - DEBUG - Calling on_field_start with no data
[ 2025-02-13 20:01:59,881 ] python_multipart.multipart - DEBUG - Calling on_field_name with data[167:179]
[ 2025-02-13 20:01:59,881 ] python_multipart.multipart - DEBUG - Calling on_field_data with data[180:184]
[ 2025-02-13 20:01:59,881 ] python_multipart.multipart - DEBUG - Calling on_field_end with no data
[ 2025-02-13 20:01:59,881 ] python_multipart.multipart - DEBUG - Calling on_field_start with no data
[ 2025-02-13 20:01:59,881 ] python_multipart.multipart - DEBUG - Calling on_field_name with data[185:203]
[ 2025-02-13 20:01:59,881 ] python_multipart.multipart - DEBUG - Calling on_field_data with data[204:205]
[ 2025-02-13 20:01:59,881 ] python_multipart.multipart - DEBUG - Calling on_field_end with no data
[ 2025-02-13 20:01:59,881 ] python_multipart.multipart - DEBUG - Calling on_field_start with no data
[ 2025-02-13 20:01:59,881 ] python_multipart.multipart - DEBUG - Calling on_field_name with data[206:217]
[ 2025-02-13 20:01:59,881 ] python_multipart.multipart - DEBUG - Calling on_field_data with data[218:220]
[ 2025-02-13 20:01:59,881 ] python_multipart.multipart - DEBUG - Calling on_field_end with no data
[ 2025-02-13 20:01:59,881 ] python_multipart.multipart - DEBUG - Calling on_end with no data
[ 2025-02-13 20:01:59,881 ] root - INFO - Entered get_usvisa_data_as_dict method as USvisaData class
[ 2025-02-13 20:01:59,881 ] root - INFO - Created usvisa data dict
[ 2025-02-13 20:01:59,881 ] root - INFO - Exited get_usvisa_data_as_dict method as USvisaData class
[ 2025-02-13 20:01:59,881 ] root - INFO - Entered predict method of USvisaClassifier class
[ 2025-02-13 20:01:59,881 ] botocore.hooks - DEBUG - Changing event name from creating-client-class.iot-data to creating-client-class.iot-data-plane
[ 2025-02-13 20:01:59,897 ] botocore.hooks - DEBUG - Changing event name from before-call.apigateway to before-call.api-gateway
[ 2025-02-13 20:01:59,897 ] botocore.hooks - DEBUG - Changing event name from request-created.machinelearning.Predict to request-created.machine-learning.Predict
[ 2025-02-13 20:01:59,897 ] botocore.hooks - DEBUG - Changing event name from before-parameter-build.autoscaling.CreateLaunchConfiguration to before-parameter-build.auto-scaling.CreateLaunchConfiguration
[ 2025-02-13 20:01:59,897 ] botocore.hooks - DEBUG - Changing event name from before-parameter-build.route53 to before-parameter-build.route-53
[ 2025-02-13 20:01:59,897 ] botocore.hooks - DEBUG - Changing event name from request-created.cloudsearchdomain.Search to request-created.cloudsearch-domain.Search
[ 2025-02-13 20:01:59,897 ] botocore.hooks - DEBUG - Changing event name from docs.*.autoscaling.CreateLaunchConfiguration.complete-section to docs.*.auto-scaling.CreateLaunchConfiguration.complete-section
[ 2025-02-13 20:01:59,913 ] botocore.hooks - DEBUG - Changing event name from before-parameter-build.logs.CreateExportTask to before-parameter-build.cloudwatch-logs.CreateExportTask
[ 2025-02-13 20:01:59,913 ] botocore.hooks - DEBUG - Changing event name from docs.*.logs.CreateExportTask.complete-section to docs.*.cloudwatch-logs.CreateExportTask.complete-section
[ 2025-02-13 20:01:59,913 ] botocore.hooks - DEBUG - Changing event name from before-parameter-build.cloudsearchdomain.Search to before-parameter-build.cloudsearch-domain.Search
[ 2025-02-13 20:01:59,913 ] botocore.hooks - DEBUG - Changing event name from docs.*.cloudsearchdomain.Search.complete-section to docs.*.cloudsearch-domain.Search.complete-section
[ 2025-02-13 20:01:59,993 ] botocore.loaders - DEBUG - Loading JSON file: C:\Users\sande\miniconda3\envs\visa\lib\site-packages\boto3\data\s3\2006-03-01\resources-1.json
[ 2025-02-13 20:01:59,993 ] botocore.loaders - DEBUG - Loading JSON file: C:\Users\sande\miniconda3\envs\visa\lib\site-packages\botocore\data\endpoints.json
[ 2025-02-13 20:02:00,009 ] botocore.loaders - DEBUG - Loading JSON file: C:\Users\sande\miniconda3\envs\visa\lib\site-packages\botocore\data\sdk-default-configuration.json
[ 2025-02-13 20:02:00,009 ] botocore.hooks - DEBUG - Event choose-service-name: calling handler <function handle_service_name_alias at 0x0000021896A5E1F0>
[ 2025-02-13 20:02:00,105 ] botocore.loaders - DEBUG - Loading JSON file: C:\Users\sande\miniconda3\envs\visa\lib\site-packages\botocore\data\s3\2006-03-01\service-2.json.gz
[ 2025-02-13 20:02:00,105 ] botocore.loaders - DEBUG - Loading JSON file: C:\Users\sande\miniconda3\envs\visa\lib\site-packages\botocore\data\s3\2006-03-01\service-2.sdk-extras.json
[ 2025-02-13 20:02:00,185 ] botocore.loaders - DEBUG - Loading JSON file: C:\Users\sande\miniconda3\envs\visa\lib\site-packages\botocore\data\s3\2006-03-01\endpoint-rule-set-1.json.gz
[ 2025-02-13 20:02:00,201 ] botocore.loaders - DEBUG - Loading JSON file: C:\Users\sande\miniconda3\envs\visa\lib\site-packages\botocore\data\partitions.json
[ 2025-02-13 20:02:00,201 ] botocore.hooks - DEBUG - Event creating-client-class.s3: calling handler <function add_generate_presigned_post at 0x0000021895A13040>
[ 2025-02-13 20:02:00,201 ] botocore.hooks - DEBUG - Event creating-client-class.s3: calling handler <function lazy_call.<locals>._handler at 0x00000218B00E1940>
[ 2025-02-13 20:02:00,201 ] botocore.hooks - DEBUG - Event creating-client-class.s3: calling handler <function add_generate_presigned_url at 0x0000021895A11DC0>
[ 2025-02-13 20:02:00,201 ] botocore.configprovider - DEBUG - Looking for endpoint for s3 via: environment_service
[ 2025-02-13 20:02:00,201 ] botocore.configprovider - DEBUG - Looking for endpoint for s3 via: environment_global
[ 2025-02-13 20:02:00,201 ] botocore.configprovider - DEBUG - Looking for endpoint for s3 via: config_service
[ 2025-02-13 20:02:00,201 ] botocore.configprovider - DEBUG - Looking for endpoint for s3 via: config_global
[ 2025-02-13 20:02:00,201 ] botocore.configprovider - DEBUG - No configured endpoint found.
[ 2025-02-13 20:02:00,201 ] botocore.endpoint - DEBUG - Setting s3 timeout as (60, 60)
[ 2025-02-13 20:02:00,201 ] botocore.loaders - DEBUG - Loading JSON file: C:\Users\sande\miniconda3\envs\visa\lib\site-packages\botocore\data\_retry.json
[ 2025-02-13 20:02:00,201 ] botocore.client - DEBUG - Registering retry handlers for service: s3
[ 2025-02-13 20:02:00,216 ] botocore.utils - DEBUG - Registering S3 region redirector handler
[ 2025-02-13 20:02:00,216 ] botocore.utils - DEBUG - Registering S3Express Identity Resolver
[ 2025-02-13 20:02:00,216 ] boto3.resources.factory - DEBUG - Loading s3:s3
[ 2025-02-13 20:02:00,216 ] botocore.hooks - DEBUG - Event choose-service-name: calling handler <function handle_service_name_alias at 0x0000021896A5E1F0>
[ 2025-02-13 20:02:00,216 ] botocore.hooks - DEBUG - Event creating-client-class.s3: calling handler <function add_generate_presigned_post at 0x0000021895A13040>
[ 2025-02-13 20:02:00,216 ] botocore.hooks - DEBUG - Event creating-client-class.s3: calling handler <function lazy_call.<locals>._handler at 0x00000218B00E1940>
[ 2025-02-13 20:02:00,216 ] botocore.hooks - DEBUG - Event creating-client-class.s3: calling handler <function add_generate_presigned_url at 0x0000021895A11DC0>
[ 2025-02-13 20:02:00,216 ] botocore.configprovider - DEBUG - Looking for endpoint for s3 via: environment_service
[ 2025-02-13 20:02:00,216 ] botocore.configprovider - DEBUG - Looking for endpoint for s3 via: environment_global
[ 2025-02-13 20:02:00,216 ] botocore.configprovider - DEBUG - Looking for endpoint for s3 via: config_service
[ 2025-02-13 20:02:00,216 ] botocore.configprovider - DEBUG - Looking for endpoint for s3 via: config_global
[ 2025-02-13 20:02:00,216 ] botocore.configprovider - DEBUG - No configured endpoint found.
[ 2025-02-13 20:02:00,216 ] botocore.endpoint - DEBUG - Setting s3 timeout as (60, 60)
[ 2025-02-13 20:02:00,216 ] botocore.client - DEBUG - Registering retry handlers for service: s3
[ 2025-02-13 20:02:00,216 ] botocore.utils - DEBUG - Registering S3 region redirector handler
[ 2025-02-13 20:02:00,216 ] botocore.utils - DEBUG - Registering S3Express Identity Resolver
[ 2025-02-13 20:02:00,216 ] root - INFO - Entered the load_model method of S3Operations class
[ 2025-02-13 20:02:00,216 ] root - INFO - Entered the get_file_object method of S3Operations class
[ 2025-02-13 20:02:00,216 ] root - INFO - Entered the get_bucket method of S3Operations class
[ 2025-02-13 20:02:00,216 ] boto3.resources.factory - DEBUG - Loading s3:Bucket
[ 2025-02-13 20:02:00,216 ] boto3.resources.model - DEBUG - Renaming Bucket attribute name
[ 2025-02-13 20:02:00,216 ] botocore.hooks - DEBUG - Event creating-resource-class.s3.Bucket: calling handler <function lazy_call.<locals>._handler at 0x00000218B00E1B80>
[ 2025-02-13 20:02:00,216 ] root - INFO - Exited the get_bucket method of S3Operations class
[ 2025-02-13 20:02:00,280 ] botocore.loaders - DEBUG - Loading JSON file: C:\Users\sande\miniconda3\envs\visa\lib\site-packages\botocore\data\s3\2006-03-01\paginators-1.json
[ 2025-02-13 20:02:00,280 ] botocore.loaders - DEBUG - Loading JSON file: C:\Users\sande\miniconda3\envs\visa\lib\site-packages\botocore\data\s3\2006-03-01\paginators-1.sdk-extras.json
[ 2025-02-13 20:02:00,280 ] boto3.resources.collection - DEBUG - Calling paginated s3:list_objects with {'Bucket': 'usvisa-model2024-mlops', 'Prefix': 'model.pkl'}
[ 2025-02-13 20:02:00,280 ] botocore.hooks - DEBUG - Event before-parameter-build.s3.ListObjects: calling handler <function set_list_objects_encoding_type_url at 0x0000021896A79C10>
[ 2025-02-13 20:02:00,280 ] botocore.hooks - DEBUG - Event before-parameter-build.s3.ListObjects: calling handler <function validate_bucket_name at 0x0000021896A73940>
[ 2025-02-13 20:02:00,280 ] botocore.hooks - DEBUG - Event before-parameter-build.s3.ListObjects: calling handler <function remove_bucket_from_url_paths_from_model at 0x0000021896A7A820>
[ 2025-02-13 20:02:00,280 ] botocore.hooks - DEBUG - Event before-parameter-build.s3.ListObjects: calling handler <bound method S3RegionRedirectorv2.annotate_request_context of <botocore.utils.S3RegionRedirectorv2 object at 0x00000218B0C83C10>>
[ 2025-02-13 20:02:00,280 ] botocore.hooks - DEBUG - Event before-parameter-build.s3.ListObjects: calling handler <bound method ClientCreator._inject_s3_input_parameters of <botocore.client.ClientCreator object at 0x00000218B013EBE0>>
[ 2025-02-13 20:02:00,280 ] botocore.hooks - DEBUG - Event before-parameter-build.s3.ListObjects: calling handler <function generate_idempotent_uuid at 0x0000021896A73790>
[ 2025-02-13 20:02:00,280 ] botocore.hooks - DEBUG - Event before-parameter-build.s3.ListObjects: calling handler <function _handle_request_validation_mode_member at 0x0000021896A7AEE0>
[ 2025-02-13 20:02:00,280 ] botocore.hooks - DEBUG - Event before-endpoint-resolution.s3: calling handler <function customize_endpoint_resolver_builtins at 0x0000021896A7A9D0>
[ 2025-02-13 20:02:00,280 ] botocore.hooks - DEBUG - Event before-endpoint-resolution.s3: calling handler <bound method S3RegionRedirectorv2.redirect_from_cache of <botocore.utils.S3RegionRedirectorv2 object at 0x00000218B0C83C10>>
[ 2025-02-13 20:02:00,280 ] botocore.regions - DEBUG - Calling endpoint provider with parameters: {'Bucket': 'usvisa-model2024-mlops', 'Region': 'us-east-1', 'UseFIPS': False, 'UseDualStack': False, 'ForcePathStyle': False, 'Accelerate': False, 'UseGlobalEndpoint': True, 'Prefix': 'model.pkl', 'DisableMultiRegionAccessPoints': False, 'UseArnRegion': True}
[ 2025-02-13 20:02:00,296 ] botocore.regions - DEBUG - Endpoint provider result: https://usvisa-model2024-mlops.s3.amazonaws.com
[ 2025-02-13 20:02:00,296 ] botocore.regions - DEBUG - Selecting from endpoint provider's list of auth schemes: "sigv4". User selected auth scheme is: "None"
[ 2025-02-13 20:02:00,296 ] botocore.regions - DEBUG - Selected auth type "v4" as "v4" with signing context params: {'region': 'us-east-1', 'signing_name': 's3', 'disableDoubleEncoding': True}
[ 2025-02-13 20:02:00,296 ] botocore.hooks - DEBUG - Event before-call.s3.ListObjects: calling handler <function add_expect_header at 0x0000021896A73CA0>
[ 2025-02-13 20:02:00,296 ] botocore.hooks - DEBUG - Event before-call.s3.ListObjects: calling handler <bound method S3ExpressIdentityResolver.apply_signing_cache_key of <botocore.utils.S3ExpressIdentityResolver object at 0x00000218B0C83CD0>>
[ 2025-02-13 20:02:00,296 ] botocore.hooks - DEBUG - Event before-call.s3.ListObjects: calling handler <function add_recursion_detection_header at 0x0000021896A733A0>
[ 2025-02-13 20:02:00,296 ] botocore.hooks - DEBUG - Event before-call.s3.ListObjects: calling handler <function add_query_compatibility_header at 0x0000021896A7AE50>
[ 2025-02-13 20:02:00,296 ] botocore.hooks - DEBUG - Event before-call.s3.ListObjects: calling handler <function inject_api_version_header_if_needed at 0x0000021896A7A040>
[ 2025-02-13 20:02:00,296 ] botocore.endpoint - DEBUG - Making request for OperationModel(name=ListObjects) with params: {'url_path': '', 'query_string': {'prefix': 'model.pkl', 'encoding-type': 'url'}, 'method': 'GET', 'headers': {'User-Agent': 'Boto3/1.36.9 md/Botocore#1.36.9 ua/2.0 os/windows#10 md/arch#amd64 lang/python#3.8.20 md/pyimpl#CPython cfg/retry-mode#legacy Botocore/1.36.9 Resource'}, 'body': b'', 'auth_path': '/usvisa-model2024-mlops/', 'url': 'https://usvisa-model2024-mlops.s3.amazonaws.com/?prefix=model.pkl&encoding-type=url', 'context': {'client_region': 'us-east-1', 'client_config': <botocore.config.Config object at 0x00000218B0C36FA0>, 'has_streaming_input': False, 'auth_type': 'v4', 'unsigned_payload': None, 'encoding_type_auto_set': True, 's3_redirect': {'redirected': False, 'bucket': 'usvisa-model2024-mlops', 'params': {'Bucket': 'usvisa-model2024-mlops', 'Prefix': 'model.pkl', 'EncodingType': 'url'}}, 'input_params': {'Bucket': 'usvisa-model2024-mlops', 'Prefix': 'model.pkl'}, 'signing': {'region': 'us-east-1', 'signing_name': 's3', 'disableDoubleEncoding': True}, 'endpoint_properties': {'authSchemes': [{'disableDoubleEncoding': True, 'name': 'sigv4', 'signingName': 's3', 'signingRegion': 'us-east-1'}]}}}
[ 2025-02-13 20:02:00,296 ] botocore.hooks - DEBUG - Event request-created.s3.ListObjects: calling handler <bound method RequestSigner.handler of <botocore.signers.RequestSigner object at 0x00000218B0C36C40>>
[ 2025-02-13 20:02:00,296 ] botocore.hooks - DEBUG - Event choose-signer.s3.ListObjects: calling handler <bound method ClientCreator._default_s3_presign_to_sigv2 of <botocore.client.ClientCreator object at 0x00000218B013EBE0>>
[ 2025-02-13 20:02:00,296 ] botocore.hooks - DEBUG - Event choose-signer.s3.ListObjects: calling handler <function set_operation_specific_signer at 0x0000021896A735E0>
[ 2025-02-13 20:02:00,296 ] botocore.hooks - DEBUG - Event before-sign.s3.ListObjects: calling handler <function remove_arn_from_signing_path at 0x0000021896A7A940>
[ 2025-02-13 20:02:00,296 ] botocore.hooks - DEBUG - Event before-sign.s3.ListObjects: calling handler <function _set_extra_headers_for_unsigned_request at 0x0000021896A7AF70>
[ 2025-02-13 20:02:00,296 ] botocore.hooks - DEBUG - Event before-sign.s3.ListObjects: calling handler <bound method S3ExpressIdentityResolver.resolve_s3express_identity of <botocore.utils.S3ExpressIdentityResolver object at 0x00000218B0C83CD0>>
[ 2025-02-13 20:02:00,296 ] botocore.auth - DEBUG - Calculating signature using v4 auth.
[ 2025-02-13 20:02:00,296 ] botocore.auth - DEBUG - CanonicalRequest:
GET
/
encoding-type=url&prefix=model.pkl
host:usvisa-model2024-mlops.s3.amazonaws.com
x-amz-content-sha256:e3b0c44298fc1c149afbf4c8996fb92427ae41e4649b934ca495991b7852b855
x-amz-date:20250214T010200Z

host;x-amz-content-sha256;x-amz-date
e3b0c44298fc1c149afbf4c8996fb92427ae41e4649b934ca495991b7852b855
[ 2025-02-13 20:02:00,296 ] botocore.auth - DEBUG - StringToSign:
AWS4-HMAC-SHA256
20250214T010200Z
20250214/us-east-1/s3/aws4_request
3ef9c611d494fb3bd0aee2a607f1fea66b3e45e27dd070c196bb59f28f338686
[ 2025-02-13 20:02:00,296 ] botocore.auth - DEBUG - Signature:
a74c7104d29571f5c869804fc2f4ff43a0f1212ede986b4bcd61c1bf8cfd0cea
[ 2025-02-13 20:02:00,296 ] botocore.hooks - DEBUG - Event request-created.s3.ListObjects: calling handler <function add_retry_headers at 0x0000021896A7A790>
[ 2025-02-13 20:02:00,296 ] botocore.endpoint - DEBUG - Sending http request: <AWSPreparedRequest stream_output=False, method=GET, url=https://usvisa-model2024-mlops.s3.amazonaws.com/?prefix=model.pkl&encoding-type=url, headers={'User-Agent': b'Boto3/1.36.9 md/Botocore#1.36.9 ua/2.0 os/windows#10 md/arch#amd64 lang/python#3.8.20 md/pyimpl#CPython cfg/retry-mode#legacy Botocore/1.36.9 Resource', 'X-Amz-Date': b'20250214T010200Z', 'X-Amz-Content-SHA256': b'e3b0c44298fc1c149afbf4c8996fb92427ae41e4649b934ca495991b7852b855', 'Authorization': b'AWS4-HMAC-SHA256 Credential=AKIA2ZIOM27YFCNRHKAM/20250214/us-east-1/s3/aws4_request, SignedHeaders=host;x-amz-content-sha256;x-amz-date, Signature=a74c7104d29571f5c869804fc2f4ff43a0f1212ede986b4bcd61c1bf8cfd0cea', 'amz-sdk-invocation-id': b'9518ffa2-4b00-4df4-a6b9-0bbb3a5046aa', 'amz-sdk-request': b'attempt=1'}>
[ 2025-02-13 20:02:00,296 ] botocore.httpsession - DEBUG - Certificate path: C:\Users\sande\miniconda3\envs\visa\lib\site-packages\certifi\cacert.pem
[ 2025-02-13 20:02:00,296 ] urllib3.connectionpool - DEBUG - Starting new HTTPS connection (1): usvisa-model2024-mlops.s3.amazonaws.com:443
[ 2025-02-13 20:02:00,873 ] urllib3.connectionpool - DEBUG - https://usvisa-model2024-mlops.s3.amazonaws.com:443 "GET /?prefix=model.pkl&encoding-type=url HTTP/1.1" 200 None
[ 2025-02-13 20:02:00,873 ] botocore.hooks - DEBUG - Event before-parse.s3.ListObjects: calling handler <function _handle_200_error at 0x0000021896A7ACA0>
[ 2025-02-13 20:02:00,873 ] botocore.hooks - DEBUG - Event before-parse.s3.ListObjects: calling handler <function handle_expires_header at 0x0000021896A7AAF0>
[ 2025-02-13 20:02:00,873 ] botocore.parsers - DEBUG - Response headers: {'x-amz-id-2': 'OMn3+OpoJ+pyWl7jUWVWuoI+A3m0LdFlQP0Hgtm9akR136nKx3RLXIaJx14znfEvbKihp9tfL3ax9kd/1FMkjADCXDzjrgUG7lcxE9PwV/k=', 'x-amz-request-id': 'XSN98Z7XTVZ5G9DY', 'Date': 'Fri, 14 Feb 2025 01:02:01 GMT', 'x-amz-bucket-region': 'us-east-1', 'Content-Type': 'application/xml', 'Transfer-Encoding': 'chunked', 'Server': 'AmazonS3'}
[ 2025-02-13 20:02:00,873 ] botocore.parsers - DEBUG - Response body:
b'<?xml version="1.0" encoding="UTF-8"?>\n<ListBucketResult xmlns="http://s3.amazonaws.com/doc/2006-03-01/"><Name>usvisa-model2024-mlops</Name><Prefix>model.pkl</Prefix><Marker></Marker><MaxKeys>1000</MaxKeys><EncodingType>url</EncodingType><IsTruncated>false</IsTruncated><Contents><Key>model.pkl</Key><LastModified>2025-02-14T00:46:09.000Z</LastModified><ETag>&quot;0105d32cdc7535cec2f415499836237c&quot;</ETag><ChecksumAlgorithm>CRC32</ChecksumAlgorithm><ChecksumType>FULL_OBJECT</ChecksumType><Size>2739056</Size><Owner><ID>59e4b0110bef148254e4134787c895d1ddb869e1c0d8dde4ce916e7072b74f41</ID><DisplayName>dsaluru</DisplayName></Owner><StorageClass>STANDARD</StorageClass></Contents></ListBucketResult>'
[ 2025-02-13 20:02:00,873 ] botocore.hooks - DEBUG - Event needs-retry.s3.ListObjects: calling handler <function _update_status_code at 0x0000021896A7ADC0>
[ 2025-02-13 20:02:00,873 ] botocore.hooks - DEBUG - Event needs-retry.s3.ListObjects: calling handler <botocore.retryhandler.RetryHandler object at 0x00000218B0C83BB0>
[ 2025-02-13 20:02:00,873 ] botocore.retryhandler - DEBUG - No retry needed.
[ 2025-02-13 20:02:00,873 ] botocore.hooks - DEBUG - Event needs-retry.s3.ListObjects: calling handler <bound method S3RegionRedirectorv2.redirect_from_error of <botocore.utils.S3RegionRedirectorv2 object at 0x00000218B0C83C10>>
[ 2025-02-13 20:02:00,873 ] botocore.hooks - DEBUG - Event after-call.s3.ListObjects: calling handler <function decode_list_object at 0x0000021896A79CA0>
[ 2025-02-13 20:02:00,873 ] boto3.resources.factory - DEBUG - Loading s3:ObjectSummary
[ 2025-02-13 20:02:00,873 ] boto3.resources.model - DEBUG - Renaming ObjectSummary attribute key
[ 2025-02-13 20:02:00,873 ] botocore.hooks - DEBUG - Event creating-resource-class.s3.ObjectSummary: calling handler <function lazy_call.<locals>._handler at 0x00000218B00E1CA0>
[ 2025-02-13 20:02:00,873 ] root - INFO - Exited the get_file_object method of S3Operations class
[ 2025-02-13 20:02:00,873 ] root - INFO - Entered the read_object method of S3Operations class
[ 2025-02-13 20:02:00,873 ] root - INFO - Exited the read_object method of S3Operations class
[ 2025-02-13 20:02:00,873 ] boto3.resources.action - DEBUG - Calling s3:get_object with {'Bucket': 'usvisa-model2024-mlops', 'Key': 'model.pkl'}
[ 2025-02-13 20:02:00,889 ] botocore.hooks - DEBUG - Event before-parameter-build.s3.GetObject: calling handler <function sse_md5 at 0x0000021896A739D0>
[ 2025-02-13 20:02:00,889 ] botocore.hooks - DEBUG - Event before-parameter-build.s3.GetObject: calling handler <function validate_bucket_name at 0x0000021896A73940>
[ 2025-02-13 20:02:00,889 ] botocore.hooks - DEBUG - Event before-parameter-build.s3.GetObject: calling handler <function remove_bucket_from_url_paths_from_model at 0x0000021896A7A820>
[ 2025-02-13 20:02:00,889 ] botocore.hooks - DEBUG - Event before-parameter-build.s3.GetObject: calling handler <bound method S3RegionRedirectorv2.annotate_request_context of <botocore.utils.S3RegionRedirectorv2 object at 0x00000218B0C83C10>>
[ 2025-02-13 20:02:00,889 ] botocore.hooks - DEBUG - Event before-parameter-build.s3.GetObject: calling handler <bound method ClientCreator._inject_s3_input_parameters of <botocore.client.ClientCreator object at 0x00000218B013EBE0>>
[ 2025-02-13 20:02:00,889 ] botocore.hooks - DEBUG - Event before-parameter-build.s3.GetObject: calling handler <function generate_idempotent_uuid at 0x0000021896A73790>
[ 2025-02-13 20:02:00,889 ] botocore.hooks - DEBUG - Event before-parameter-build.s3.GetObject: calling handler <function _handle_request_validation_mode_member at 0x0000021896A7AEE0>
[ 2025-02-13 20:02:00,889 ] botocore.hooks - DEBUG - Event before-endpoint-resolution.s3: calling handler <function customize_endpoint_resolver_builtins at 0x0000021896A7A9D0>
[ 2025-02-13 20:02:00,889 ] botocore.hooks - DEBUG - Event before-endpoint-resolution.s3: calling handler <bound method S3RegionRedirectorv2.redirect_from_cache of <botocore.utils.S3RegionRedirectorv2 object at 0x00000218B0C83C10>>
[ 2025-02-13 20:02:00,889 ] botocore.regions - DEBUG - Calling endpoint provider with parameters: {'Bucket': 'usvisa-model2024-mlops', 'Region': 'us-east-1', 'UseFIPS': False, 'UseDualStack': False, 'ForcePathStyle': False, 'Accelerate': False, 'UseGlobalEndpoint': True, 'Key': 'model.pkl', 'DisableMultiRegionAccessPoints': False, 'UseArnRegion': True}
[ 2025-02-13 20:02:00,889 ] botocore.regions - DEBUG - Endpoint provider result: https://usvisa-model2024-mlops.s3.amazonaws.com
[ 2025-02-13 20:02:00,889 ] botocore.regions - DEBUG - Selecting from endpoint provider's list of auth schemes: "sigv4". User selected auth scheme is: "None"
[ 2025-02-13 20:02:00,889 ] botocore.regions - DEBUG - Selected auth type "v4" as "v4" with signing context params: {'region': 'us-east-1', 'signing_name': 's3', 'disableDoubleEncoding': True}
[ 2025-02-13 20:02:00,889 ] botocore.hooks - DEBUG - Event before-call.s3.GetObject: calling handler <function add_expect_header at 0x0000021896A73CA0>
[ 2025-02-13 20:02:00,889 ] botocore.hooks - DEBUG - Event before-call.s3.GetObject: calling handler <bound method S3ExpressIdentityResolver.apply_signing_cache_key of <botocore.utils.S3ExpressIdentityResolver object at 0x00000218B0C83CD0>>
[ 2025-02-13 20:02:00,889 ] botocore.hooks - DEBUG - Event before-call.s3.GetObject: calling handler <function add_recursion_detection_header at 0x0000021896A733A0>
[ 2025-02-13 20:02:00,889 ] botocore.hooks - DEBUG - Event before-call.s3.GetObject: calling handler <function add_query_compatibility_header at 0x0000021896A7AE50>
[ 2025-02-13 20:02:00,889 ] botocore.hooks - DEBUG - Event before-call.s3.GetObject: calling handler <function inject_api_version_header_if_needed at 0x0000021896A7A040>
[ 2025-02-13 20:02:00,889 ] botocore.endpoint - DEBUG - Making request for OperationModel(name=GetObject) with params: {'url_path': '/model.pkl', 'query_string': {}, 'method': 'GET', 'headers': {'x-amz-checksum-mode': 'ENABLED', 'User-Agent': 'Boto3/1.36.9 md/Botocore#1.36.9 ua/2.0 os/windows#10 md/arch#amd64 lang/python#3.8.20 md/pyimpl#CPython cfg/retry-mode#legacy Botocore/1.36.9 Resource'}, 'body': b'', 'auth_path': '/usvisa-model2024-mlops/model.pkl', 'url': 'https://usvisa-model2024-mlops.s3.amazonaws.com/model.pkl', 'context': {'client_region': 'us-east-1', 'client_config': <botocore.config.Config object at 0x00000218B0C36FA0>, 'has_streaming_input': False, 'auth_type': 'v4', 'unsigned_payload': None, 's3_redirect': {'redirected': False, 'bucket': 'usvisa-model2024-mlops', 'params': {'Bucket': 'usvisa-model2024-mlops', 'Key': 'model.pkl', 'ChecksumMode': 'ENABLED'}}, 'input_params': {'Bucket': 'usvisa-model2024-mlops', 'Key': 'model.pkl'}, 'signing': {'region': 'us-east-1', 'signing_name': 's3', 'disableDoubleEncoding': True}, 'endpoint_properties': {'authSchemes': [{'disableDoubleEncoding': True, 'name': 'sigv4', 'signingName': 's3', 'signingRegion': 'us-east-1'}]}, 'checksum': {'response_algorithms': ['crc32', 'sha1', 'sha256']}}}
[ 2025-02-13 20:02:00,889 ] botocore.hooks - DEBUG - Event request-created.s3.GetObject: calling handler <bound method RequestSigner.handler of <botocore.signers.RequestSigner object at 0x00000218B0C36C40>>
[ 2025-02-13 20:02:00,889 ] botocore.hooks - DEBUG - Event choose-signer.s3.GetObject: calling handler <bound method ClientCreator._default_s3_presign_to_sigv2 of <botocore.client.ClientCreator object at 0x00000218B013EBE0>>
[ 2025-02-13 20:02:00,889 ] botocore.hooks - DEBUG - Event choose-signer.s3.GetObject: calling handler <function set_operation_specific_signer at 0x0000021896A735E0>
[ 2025-02-13 20:02:00,889 ] botocore.hooks - DEBUG - Event before-sign.s3.GetObject: calling handler <function remove_arn_from_signing_path at 0x0000021896A7A940>
[ 2025-02-13 20:02:00,889 ] botocore.hooks - DEBUG - Event before-sign.s3.GetObject: calling handler <function _set_extra_headers_for_unsigned_request at 0x0000021896A7AF70>
[ 2025-02-13 20:02:00,889 ] botocore.hooks - DEBUG - Event before-sign.s3.GetObject: calling handler <bound method S3ExpressIdentityResolver.resolve_s3express_identity of <botocore.utils.S3ExpressIdentityResolver object at 0x00000218B0C83CD0>>
[ 2025-02-13 20:02:00,889 ] botocore.auth - DEBUG - Calculating signature using v4 auth.
[ 2025-02-13 20:02:00,889 ] botocore.auth - DEBUG - CanonicalRequest:
GET
/model.pkl

host:usvisa-model2024-mlops.s3.amazonaws.com
x-amz-checksum-mode:ENABLED
x-amz-content-sha256:e3b0c44298fc1c149afbf4c8996fb92427ae41e4649b934ca495991b7852b855
x-amz-date:20250214T010200Z

host;x-amz-checksum-mode;x-amz-content-sha256;x-amz-date
e3b0c44298fc1c149afbf4c8996fb92427ae41e4649b934ca495991b7852b855
[ 2025-02-13 20:02:00,889 ] botocore.auth - DEBUG - StringToSign:
AWS4-HMAC-SHA256
20250214T010200Z
20250214/us-east-1/s3/aws4_request
d4d3a4b483775981884f06170312e0c0774a5d584934c42526c6350a3f53e55c
[ 2025-02-13 20:02:00,889 ] botocore.auth - DEBUG - Signature:
f0ccde829fca8d916f02f2ec548b0f1c5bbab680ea6933ed10924331595eb949
[ 2025-02-13 20:02:00,889 ] botocore.hooks - DEBUG - Event request-created.s3.GetObject: calling handler <function add_retry_headers at 0x0000021896A7A790>
[ 2025-02-13 20:02:00,889 ] botocore.endpoint - DEBUG - Sending http request: <AWSPreparedRequest stream_output=True, method=GET, url=https://usvisa-model2024-mlops.s3.amazonaws.com/model.pkl, headers={'x-amz-checksum-mode': b'ENABLED', 'User-Agent': b'Boto3/1.36.9 md/Botocore#1.36.9 ua/2.0 os/windows#10 md/arch#amd64 lang/python#3.8.20 md/pyimpl#CPython cfg/retry-mode#legacy Botocore/1.36.9 Resource', 'X-Amz-Date': b'20250214T010200Z', 'X-Amz-Content-SHA256': b'e3b0c44298fc1c149afbf4c8996fb92427ae41e4649b934ca495991b7852b855', 'Authorization': b'AWS4-HMAC-SHA256 Credential=AKIA2ZIOM27YFCNRHKAM/20250214/us-east-1/s3/aws4_request, SignedHeaders=host;x-amz-checksum-mode;x-amz-content-sha256;x-amz-date, Signature=f0ccde829fca8d916f02f2ec548b0f1c5bbab680ea6933ed10924331595eb949', 'amz-sdk-invocation-id': b'319fc6e3-3812-44ac-ac33-77ff6a9088e8', 'amz-sdk-request': b'attempt=1'}>
[ 2025-02-13 20:02:00,889 ] botocore.httpsession - DEBUG - Certificate path: C:\Users\sande\miniconda3\envs\visa\lib\site-packages\certifi\cacert.pem
[ 2025-02-13 20:02:00,953 ] urllib3.connectionpool - DEBUG - https://usvisa-model2024-mlops.s3.amazonaws.com:443 "GET /model.pkl HTTP/1.1" 200 2739056
[ 2025-02-13 20:02:00,953 ] botocore.hooks - DEBUG - Event before-parse.s3.GetObject: calling handler <function _handle_200_error at 0x0000021896A7ACA0>
[ 2025-02-13 20:02:00,953 ] botocore.hooks - DEBUG - Event before-parse.s3.GetObject: calling handler <function handle_expires_header at 0x0000021896A7AAF0>
[ 2025-02-13 20:02:00,953 ] botocore.parsers - DEBUG - Response headers: {'x-amz-id-2': 'BmGNc4gY7Pk2qF9oEF04jIeQjHgnvzmNDSZy0P6hkzHG8nMDO4MyUkALaSeXTT5aECsdWnLqeL2Hbdbf/D21DH1uFiQCe2eziEiOzpcHsfk=', 'x-amz-request-id': 'XSN8H7NZT0FHH899', 'Date': 'Fri, 14 Feb 2025 01:02:01 GMT', 'Last-Modified': 'Fri, 14 Feb 2025 00:46:09 GMT', 'ETag': '"0105d32cdc7535cec2f415499836237c"', 'x-amz-checksum-crc32': 'i1IHJA==', 'x-amz-checksum-type': 'FULL_OBJECT', 'x-amz-server-side-encryption': 'AES256', 'Accept-Ranges': 'bytes', 'Content-Type': 'binary/octet-stream', 'Content-Length': '2739056', 'Server': 'AmazonS3'}
[ 2025-02-13 20:02:00,953 ] botocore.parsers - DEBUG - Response body:
<botocore.httpchecksum.StreamingChecksumBody object at 0x00000218B0D7DD90>
[ 2025-02-13 20:02:00,953 ] botocore.hooks - DEBUG - Event needs-retry.s3.GetObject: calling handler <function _update_status_code at 0x0000021896A7ADC0>
[ 2025-02-13 20:02:00,953 ] botocore.hooks - DEBUG - Event needs-retry.s3.GetObject: calling handler <botocore.retryhandler.RetryHandler object at 0x00000218B0C83BB0>
[ 2025-02-13 20:02:00,953 ] botocore.retryhandler - DEBUG - No retry needed.
[ 2025-02-13 20:02:00,953 ] botocore.hooks - DEBUG - Event needs-retry.s3.GetObject: calling handler <bound method S3RegionRedirectorv2.redirect_from_error of <botocore.utils.S3RegionRedirectorv2 object at 0x00000218B0C83C10>>
[ 2025-02-13 20:02:00,953 ] boto3.resources.action - DEBUG - Response: {'ResponseMetadata': {'RequestId': 'XSN8H7NZT0FHH899', 'HostId': 'BmGNc4gY7Pk2qF9oEF04jIeQjHgnvzmNDSZy0P6hkzHG8nMDO4MyUkALaSeXTT5aECsdWnLqeL2Hbdbf/D21DH1uFiQCe2eziEiOzpcHsfk=', 'HTTPStatusCode': 200, 'HTTPHeaders': {'x-amz-id-2': 'BmGNc4gY7Pk2qF9oEF04jIeQjHgnvzmNDSZy0P6hkzHG8nMDO4MyUkALaSeXTT5aECsdWnLqeL2Hbdbf/D21DH1uFiQCe2eziEiOzpcHsfk=', 'x-amz-request-id': 'XSN8H7NZT0FHH899', 'date': 'Fri, 14 Feb 2025 01:02:01 GMT', 'last-modified': 'Fri, 14 Feb 2025 00:46:09 GMT', 'etag': '"0105d32cdc7535cec2f415499836237c"', 'x-amz-checksum-crc32': 'i1IHJA==', 'x-amz-checksum-type': 'FULL_OBJECT', 'x-amz-server-side-encryption': 'AES256', 'accept-ranges': 'bytes', 'content-type': 'binary/octet-stream', 'content-length': '2739056', 'server': 'AmazonS3'}, 'ChecksumAlgorithm': 'crc32', 'RetryAttempts': 0}, 'AcceptRanges': 'bytes', 'LastModified': datetime.datetime(2025, 2, 14, 0, 46, 9, tzinfo=tzutc()), 'ContentLength': 2739056, 'ETag': '"0105d32cdc7535cec2f415499836237c"', 'ChecksumCRC32': 'i1IHJA==', 'ChecksumType': 'FULL_OBJECT', 'ContentType': 'binary/octet-stream', 'ServerSideEncryption': 'AES256', 'Metadata': {}, 'Body': <botocore.httpchecksum.StreamingChecksumBody object at 0x00000218B0D7DD90>}
[ 2025-02-13 20:02:01,485 ] root - INFO - Exited the load_model method of S3Operations class
[ 2025-02-13 20:02:01,486 ] root - INFO - Entered predict method of UTruckModel class
[ 2025-02-13 20:02:01,486 ] root - INFO - Using the trained model to get predictions
[ 2025-02-13 20:02:01,495 ] root - INFO - Used the trained model to get predictions
[ 2025-02-13 20:02:28,960 ] python_multipart.multipart - DEBUG - Calling on_field_start with no data
[ 2025-02-13 20:02:28,961 ] python_multipart.multipart - DEBUG - Calling on_field_name with data[0:9]
[ 2025-02-13 20:02:28,961 ] python_multipart.multipart - DEBUG - Calling on_field_data with data[10:14]
[ 2025-02-13 20:02:28,961 ] python_multipart.multipart - DEBUG - Calling on_field_end with no data
[ 2025-02-13 20:02:28,961 ] python_multipart.multipart - DEBUG - Calling on_field_start with no data
[ 2025-02-13 20:02:28,961 ] python_multipart.multipart - DEBUG - Calling on_field_name with data[15:36]
[ 2025-02-13 20:02:28,962 ] python_multipart.multipart - DEBUG - Calling on_field_data with data[37:47]
[ 2025-02-13 20:02:28,962 ] python_multipart.multipart - DEBUG - Calling on_field_end with no data
[ 2025-02-13 20:02:28,962 ] python_multipart.multipart - DEBUG - Calling on_field_start with no data
[ 2025-02-13 20:02:28,962 ] python_multipart.multipart - DEBUG - Calling on_field_name with data[48:66]
[ 2025-02-13 20:02:28,963 ] python_multipart.multipart - DEBUG - Calling on_field_data with data[67:68]
[ 2025-02-13 20:02:28,963 ] python_multipart.multipart - DEBUG - Calling on_field_end with no data
[ 2025-02-13 20:02:28,963 ] python_multipart.multipart - DEBUG - Calling on_field_start with no data
[ 2025-02-13 20:02:28,963 ] python_multipart.multipart - DEBUG - Calling on_field_name with data[69:90]
[ 2025-02-13 20:02:28,963 ] python_multipart.multipart - DEBUG - Calling on_field_data with data[91:92]
[ 2025-02-13 20:02:28,963 ] python_multipart.multipart - DEBUG - Calling on_field_end with no data
[ 2025-02-13 20:02:28,963 ] python_multipart.multipart - DEBUG - Calling on_field_start with no data
[ 2025-02-13 20:02:28,963 ] python_multipart.multipart - DEBUG - Calling on_field_name with data[93:108]
[ 2025-02-13 20:02:28,963 ] python_multipart.multipart - DEBUG - Calling on_field_data with data[109:114]
[ 2025-02-13 20:02:28,963 ] python_multipart.multipart - DEBUG - Calling on_field_end with no data
[ 2025-02-13 20:02:28,965 ] python_multipart.multipart - DEBUG - Calling on_field_start with no data
[ 2025-02-13 20:02:28,965 ] python_multipart.multipart - DEBUG - Calling on_field_name with data[115:135]
[ 2025-02-13 20:02:28,965 ] python_multipart.multipart - DEBUG - Calling on_field_data with data[136:141]
[ 2025-02-13 20:02:28,965 ] python_multipart.multipart - DEBUG - Calling on_field_end with no data
[ 2025-02-13 20:02:28,965 ] python_multipart.multipart - DEBUG - Calling on_field_start with no data
[ 2025-02-13 20:02:28,965 ] python_multipart.multipart - DEBUG - Calling on_field_name with data[142:157]
[ 2025-02-13 20:02:28,965 ] python_multipart.multipart - DEBUG - Calling on_field_data with data[158:162]
[ 2025-02-13 20:02:28,966 ] python_multipart.multipart - DEBUG - Calling on_field_end with no data
[ 2025-02-13 20:02:28,966 ] python_multipart.multipart - DEBUG - Calling on_field_start with no data
[ 2025-02-13 20:02:28,966 ] python_multipart.multipart - DEBUG - Calling on_field_name with data[163:175]
[ 2025-02-13 20:02:28,966 ] python_multipart.multipart - DEBUG - Calling on_field_data with data[176:180]
[ 2025-02-13 20:02:28,966 ] python_multipart.multipart - DEBUG - Calling on_field_end with no data
[ 2025-02-13 20:02:28,966 ] python_multipart.multipart - DEBUG - Calling on_field_start with no data
[ 2025-02-13 20:02:28,967 ] python_multipart.multipart - DEBUG - Calling on_field_name with data[181:199]
[ 2025-02-13 20:02:28,967 ] python_multipart.multipart - DEBUG - Calling on_field_data with data[200:201]
[ 2025-02-13 20:02:28,967 ] python_multipart.multipart - DEBUG - Calling on_field_end with no data
[ 2025-02-13 20:02:28,967 ] python_multipart.multipart - DEBUG - Calling on_field_start with no data
[ 2025-02-13 20:02:28,967 ] python_multipart.multipart - DEBUG - Calling on_field_name with data[202:213]
[ 2025-02-13 20:02:28,967 ] python_multipart.multipart - DEBUG - Calling on_field_data with data[214:216]
[ 2025-02-13 20:02:28,968 ] python_multipart.multipart - DEBUG - Calling on_field_end with no data
[ 2025-02-13 20:02:28,968 ] python_multipart.multipart - DEBUG - Calling on_end with no data
[ 2025-02-13 20:02:28,968 ] root - INFO - Entered get_usvisa_data_as_dict method as USvisaData class
[ 2025-02-13 20:02:28,968 ] root - INFO - Created usvisa data dict
[ 2025-02-13 20:02:28,968 ] root - INFO - Exited get_usvisa_data_as_dict method as USvisaData class
[ 2025-02-13 20:02:28,968 ] root - INFO - Entered predict method of USvisaClassifier class
[ 2025-02-13 20:02:28,968 ] root - INFO - Entered the load_model method of S3Operations class
[ 2025-02-13 20:02:28,971 ] root - INFO - Entered the get_file_object method of S3Operations class
[ 2025-02-13 20:02:28,971 ] root - INFO - Entered the get_bucket method of S3Operations class
[ 2025-02-13 20:02:28,971 ] boto3.resources.factory - DEBUG - Loading s3:Bucket
[ 2025-02-13 20:02:28,972 ] boto3.resources.model - DEBUG - Renaming Bucket attribute name
[ 2025-02-13 20:02:28,973 ] botocore.hooks - DEBUG - Event creating-resource-class.s3.Bucket: calling handler <function lazy_call.<locals>._handler at 0x00000218B00E1B80>
[ 2025-02-13 20:02:28,973 ] root - INFO - Exited the get_bucket method of S3Operations class
[ 2025-02-13 20:02:28,973 ] boto3.resources.collection - DEBUG - Calling paginated s3:list_objects with {'Bucket': 'usvisa-model2024-mlops', 'Prefix': 'model.pkl'}
[ 2025-02-13 20:02:28,973 ] botocore.hooks - DEBUG - Event before-parameter-build.s3.ListObjects: calling handler <function set_list_objects_encoding_type_url at 0x0000021896A79C10>
[ 2025-02-13 20:02:28,973 ] botocore.hooks - DEBUG - Event before-parameter-build.s3.ListObjects: calling handler <function validate_bucket_name at 0x0000021896A73940>
[ 2025-02-13 20:02:28,973 ] botocore.hooks - DEBUG - Event before-parameter-build.s3.ListObjects: calling handler <function remove_bucket_from_url_paths_from_model at 0x0000021896A7A820>
[ 2025-02-13 20:02:28,973 ] botocore.hooks - DEBUG - Event before-parameter-build.s3.ListObjects: calling handler <bound method S3RegionRedirectorv2.annotate_request_context of <botocore.utils.S3RegionRedirectorv2 object at 0x00000218B0C83C10>>
[ 2025-02-13 20:02:28,973 ] botocore.hooks - DEBUG - Event before-parameter-build.s3.ListObjects: calling handler <bound method ClientCreator._inject_s3_input_parameters of <botocore.client.ClientCreator object at 0x00000218B013EBE0>>
[ 2025-02-13 20:02:28,973 ] botocore.hooks - DEBUG - Event before-parameter-build.s3.ListObjects: calling handler <function generate_idempotent_uuid at 0x0000021896A73790>
[ 2025-02-13 20:02:28,973 ] botocore.hooks - DEBUG - Event before-parameter-build.s3.ListObjects: calling handler <function _handle_request_validation_mode_member at 0x0000021896A7AEE0>
[ 2025-02-13 20:02:28,973 ] botocore.hooks - DEBUG - Event before-endpoint-resolution.s3: calling handler <function customize_endpoint_resolver_builtins at 0x0000021896A7A9D0>
[ 2025-02-13 20:02:28,973 ] botocore.hooks - DEBUG - Event before-endpoint-resolution.s3: calling handler <bound method S3RegionRedirectorv2.redirect_from_cache of <botocore.utils.S3RegionRedirectorv2 object at 0x00000218B0C83C10>>
[ 2025-02-13 20:02:28,973 ] botocore.regions - DEBUG - Calling endpoint provider with parameters: {'Bucket': 'usvisa-model2024-mlops', 'Region': 'us-east-1', 'UseFIPS': False, 'UseDualStack': False, 'ForcePathStyle': False, 'Accelerate': False, 'UseGlobalEndpoint': True, 'Prefix': 'model.pkl', 'DisableMultiRegionAccessPoints': False, 'UseArnRegion': True}
[ 2025-02-13 20:02:28,973 ] botocore.regions - DEBUG - Endpoint provider result: https://usvisa-model2024-mlops.s3.amazonaws.com
[ 2025-02-13 20:02:28,973 ] botocore.regions - DEBUG - Selecting from endpoint provider's list of auth schemes: "sigv4". User selected auth scheme is: "None"
[ 2025-02-13 20:02:28,973 ] botocore.regions - DEBUG - Selected auth type "v4" as "v4" with signing context params: {'region': 'us-east-1', 'signing_name': 's3', 'disableDoubleEncoding': True}
[ 2025-02-13 20:02:28,979 ] botocore.hooks - DEBUG - Event before-call.s3.ListObjects: calling handler <function add_expect_header at 0x0000021896A73CA0>
[ 2025-02-13 20:02:28,979 ] botocore.hooks - DEBUG - Event before-call.s3.ListObjects: calling handler <bound method S3ExpressIdentityResolver.apply_signing_cache_key of <botocore.utils.S3ExpressIdentityResolver object at 0x00000218B0C83CD0>>
[ 2025-02-13 20:02:28,979 ] botocore.hooks - DEBUG - Event before-call.s3.ListObjects: calling handler <function add_recursion_detection_header at 0x0000021896A733A0>
[ 2025-02-13 20:02:28,979 ] botocore.hooks - DEBUG - Event before-call.s3.ListObjects: calling handler <function add_query_compatibility_header at 0x0000021896A7AE50>
[ 2025-02-13 20:02:28,979 ] botocore.hooks - DEBUG - Event before-call.s3.ListObjects: calling handler <function inject_api_version_header_if_needed at 0x0000021896A7A040>
[ 2025-02-13 20:02:28,979 ] botocore.endpoint - DEBUG - Making request for OperationModel(name=ListObjects) with params: {'url_path': '', 'query_string': {'prefix': 'model.pkl', 'encoding-type': 'url'}, 'method': 'GET', 'headers': {'User-Agent': 'Boto3/1.36.9 md/Botocore#1.36.9 ua/2.0 os/windows#10 md/arch#amd64 lang/python#3.8.20 md/pyimpl#CPython cfg/retry-mode#legacy Botocore/1.36.9 Resource'}, 'body': b'', 'auth_path': '/usvisa-model2024-mlops/', 'url': 'https://usvisa-model2024-mlops.s3.amazonaws.com/?prefix=model.pkl&encoding-type=url', 'context': {'client_region': 'us-east-1', 'client_config': <botocore.config.Config object at 0x00000218B0C36FA0>, 'has_streaming_input': False, 'auth_type': 'v4', 'unsigned_payload': None, 'encoding_type_auto_set': True, 's3_redirect': {'redirected': False, 'bucket': 'usvisa-model2024-mlops', 'params': {'Bucket': 'usvisa-model2024-mlops', 'Prefix': 'model.pkl', 'EncodingType': 'url'}}, 'input_params': {'Bucket': 'usvisa-model2024-mlops', 'Prefix': 'model.pkl'}, 'signing': {'region': 'us-east-1', 'signing_name': 's3', 'disableDoubleEncoding': True}, 'endpoint_properties': {'authSchemes': [{'disableDoubleEncoding': True, 'name': 'sigv4', 'signingName': 's3', 'signingRegion': 'us-east-1'}]}}}
[ 2025-02-13 20:02:28,979 ] botocore.hooks - DEBUG - Event request-created.s3.ListObjects: calling handler <bound method RequestSigner.handler of <botocore.signers.RequestSigner object at 0x00000218B0C36C40>>
[ 2025-02-13 20:02:28,980 ] botocore.hooks - DEBUG - Event choose-signer.s3.ListObjects: calling handler <bound method ClientCreator._default_s3_presign_to_sigv2 of <botocore.client.ClientCreator object at 0x00000218B013EBE0>>
[ 2025-02-13 20:02:28,980 ] botocore.hooks - DEBUG - Event choose-signer.s3.ListObjects: calling handler <function set_operation_specific_signer at 0x0000021896A735E0>
[ 2025-02-13 20:02:28,980 ] botocore.hooks - DEBUG - Event before-sign.s3.ListObjects: calling handler <function remove_arn_from_signing_path at 0x0000021896A7A940>
[ 2025-02-13 20:02:28,980 ] botocore.hooks - DEBUG - Event before-sign.s3.ListObjects: calling handler <function _set_extra_headers_for_unsigned_request at 0x0000021896A7AF70>
[ 2025-02-13 20:02:28,980 ] botocore.hooks - DEBUG - Event before-sign.s3.ListObjects: calling handler <bound method S3ExpressIdentityResolver.resolve_s3express_identity of <botocore.utils.S3ExpressIdentityResolver object at 0x00000218B0C83CD0>>
[ 2025-02-13 20:02:28,981 ] botocore.auth - DEBUG - Calculating signature using v4 auth.
[ 2025-02-13 20:02:28,981 ] botocore.auth - DEBUG - CanonicalRequest:
GET
/
encoding-type=url&prefix=model.pkl
host:usvisa-model2024-mlops.s3.amazonaws.com
x-amz-content-sha256:e3b0c44298fc1c149afbf4c8996fb92427ae41e4649b934ca495991b7852b855
x-amz-date:20250214T010228Z

host;x-amz-content-sha256;x-amz-date
e3b0c44298fc1c149afbf4c8996fb92427ae41e4649b934ca495991b7852b855
[ 2025-02-13 20:02:28,981 ] botocore.auth - DEBUG - StringToSign:
AWS4-HMAC-SHA256
20250214T010228Z
20250214/us-east-1/s3/aws4_request
7d659ad7ce6dd3cac9fe289cdf8dd4a678814fa2222d5dc04f61f54019daff38
[ 2025-02-13 20:02:28,982 ] botocore.auth - DEBUG - Signature:
df262971b07b974cb88b4735a6766584198aa712118f2f2d0c9b89fa93f822f5
[ 2025-02-13 20:02:28,982 ] botocore.hooks - DEBUG - Event request-created.s3.ListObjects: calling handler <function add_retry_headers at 0x0000021896A7A790>
[ 2025-02-13 20:02:28,982 ] botocore.endpoint - DEBUG - Sending http request: <AWSPreparedRequest stream_output=False, method=GET, url=https://usvisa-model2024-mlops.s3.amazonaws.com/?prefix=model.pkl&encoding-type=url, headers={'User-Agent': b'Boto3/1.36.9 md/Botocore#1.36.9 ua/2.0 os/windows#10 md/arch#amd64 lang/python#3.8.20 md/pyimpl#CPython cfg/retry-mode#legacy Botocore/1.36.9 Resource', 'X-Amz-Date': b'20250214T010228Z', 'X-Amz-Content-SHA256': b'e3b0c44298fc1c149afbf4c8996fb92427ae41e4649b934ca495991b7852b855', 'Authorization': b'AWS4-HMAC-SHA256 Credential=AKIA2ZIOM27YFCNRHKAM/20250214/us-east-1/s3/aws4_request, SignedHeaders=host;x-amz-content-sha256;x-amz-date, Signature=df262971b07b974cb88b4735a6766584198aa712118f2f2d0c9b89fa93f822f5', 'amz-sdk-invocation-id': b'16aabb94-264e-4e50-b165-89fd856c89eb', 'amz-sdk-request': b'attempt=1'}>
[ 2025-02-13 20:02:28,983 ] botocore.httpsession - DEBUG - Certificate path: C:\Users\sande\miniconda3\envs\visa\lib\site-packages\certifi\cacert.pem
[ 2025-02-13 20:02:28,984 ] urllib3.connectionpool - DEBUG - Resetting dropped connection: usvisa-model2024-mlops.s3.amazonaws.com
[ 2025-02-13 20:02:29,488 ] urllib3.connectionpool - DEBUG - https://usvisa-model2024-mlops.s3.amazonaws.com:443 "GET /?prefix=model.pkl&encoding-type=url HTTP/1.1" 200 None
[ 2025-02-13 20:02:29,488 ] botocore.hooks - DEBUG - Event before-parse.s3.ListObjects: calling handler <function _handle_200_error at 0x0000021896A7ACA0>
[ 2025-02-13 20:02:29,488 ] botocore.hooks - DEBUG - Event before-parse.s3.ListObjects: calling handler <function handle_expires_header at 0x0000021896A7AAF0>
[ 2025-02-13 20:02:29,488 ] botocore.parsers - DEBUG - Response headers: {'x-amz-id-2': 'FnIDnO4K6gl3nYBjHQFOTNXvMlz8D1rD84WywNggF5ZimJBwvahtf3hwlh9iZi9fy5+jmSFJiMc13kJGwf4Guw==', 'x-amz-request-id': '14WWRXTRZG3F3BEZ', 'Date': 'Fri, 14 Feb 2025 01:02:29 GMT', 'x-amz-bucket-region': 'us-east-1', 'Content-Type': 'application/xml', 'Transfer-Encoding': 'chunked', 'Server': 'AmazonS3'}
[ 2025-02-13 20:02:29,488 ] botocore.parsers - DEBUG - Response body:
b'<?xml version="1.0" encoding="UTF-8"?>\n<ListBucketResult xmlns="http://s3.amazonaws.com/doc/2006-03-01/"><Name>usvisa-model2024-mlops</Name><Prefix>model.pkl</Prefix><Marker></Marker><MaxKeys>1000</MaxKeys><EncodingType>url</EncodingType><IsTruncated>false</IsTruncated><Contents><Key>model.pkl</Key><LastModified>2025-02-14T00:46:09.000Z</LastModified><ETag>&quot;0105d32cdc7535cec2f415499836237c&quot;</ETag><ChecksumAlgorithm>CRC32</ChecksumAlgorithm><ChecksumType>FULL_OBJECT</ChecksumType><Size>2739056</Size><Owner><ID>59e4b0110bef148254e4134787c895d1ddb869e1c0d8dde4ce916e7072b74f41</ID><DisplayName>dsaluru</DisplayName></Owner><StorageClass>STANDARD</StorageClass></Contents></ListBucketResult>'
[ 2025-02-13 20:02:29,488 ] botocore.hooks - DEBUG - Event needs-retry.s3.ListObjects: calling handler <function _update_status_code at 0x0000021896A7ADC0>
[ 2025-02-13 20:02:29,488 ] botocore.hooks - DEBUG - Event needs-retry.s3.ListObjects: calling handler <botocore.retryhandler.RetryHandler object at 0x00000218B0C83BB0>
[ 2025-02-13 20:02:29,488 ] botocore.retryhandler - DEBUG - No retry needed.
[ 2025-02-13 20:02:29,488 ] botocore.hooks - DEBUG - Event needs-retry.s3.ListObjects: calling handler <bound method S3RegionRedirectorv2.redirect_from_error of <botocore.utils.S3RegionRedirectorv2 object at 0x00000218B0C83C10>>
[ 2025-02-13 20:02:29,488 ] botocore.hooks - DEBUG - Event after-call.s3.ListObjects: calling handler <function decode_list_object at 0x0000021896A79CA0>
[ 2025-02-13 20:02:29,488 ] boto3.resources.factory - DEBUG - Loading s3:ObjectSummary
[ 2025-02-13 20:02:29,488 ] boto3.resources.model - DEBUG - Renaming ObjectSummary attribute key
[ 2025-02-13 20:02:29,488 ] botocore.hooks - DEBUG - Event creating-resource-class.s3.ObjectSummary: calling handler <function lazy_call.<locals>._handler at 0x00000218B00E1CA0>
[ 2025-02-13 20:02:29,488 ] root - INFO - Exited the get_file_object method of S3Operations class
[ 2025-02-13 20:02:29,488 ] root - INFO - Entered the read_object method of S3Operations class
[ 2025-02-13 20:02:29,488 ] root - INFO - Exited the read_object method of S3Operations class
[ 2025-02-13 20:02:29,488 ] boto3.resources.action - DEBUG - Calling s3:get_object with {'Bucket': 'usvisa-model2024-mlops', 'Key': 'model.pkl'}
[ 2025-02-13 20:02:29,488 ] botocore.hooks - DEBUG - Event before-parameter-build.s3.GetObject: calling handler <function sse_md5 at 0x0000021896A739D0>
[ 2025-02-13 20:02:29,488 ] botocore.hooks - DEBUG - Event before-parameter-build.s3.GetObject: calling handler <function validate_bucket_name at 0x0000021896A73940>
[ 2025-02-13 20:02:29,488 ] botocore.hooks - DEBUG - Event before-parameter-build.s3.GetObject: calling handler <function remove_bucket_from_url_paths_from_model at 0x0000021896A7A820>
[ 2025-02-13 20:02:29,488 ] botocore.hooks - DEBUG - Event before-parameter-build.s3.GetObject: calling handler <bound method S3RegionRedirectorv2.annotate_request_context of <botocore.utils.S3RegionRedirectorv2 object at 0x00000218B0C83C10>>
[ 2025-02-13 20:02:29,488 ] botocore.hooks - DEBUG - Event before-parameter-build.s3.GetObject: calling handler <bound method ClientCreator._inject_s3_input_parameters of <botocore.client.ClientCreator object at 0x00000218B013EBE0>>
[ 2025-02-13 20:02:29,504 ] botocore.hooks - DEBUG - Event before-parameter-build.s3.GetObject: calling handler <function generate_idempotent_uuid at 0x0000021896A73790>
[ 2025-02-13 20:02:29,504 ] botocore.hooks - DEBUG - Event before-parameter-build.s3.GetObject: calling handler <function _handle_request_validation_mode_member at 0x0000021896A7AEE0>
[ 2025-02-13 20:02:29,504 ] botocore.hooks - DEBUG - Event before-endpoint-resolution.s3: calling handler <function customize_endpoint_resolver_builtins at 0x0000021896A7A9D0>
[ 2025-02-13 20:02:29,504 ] botocore.hooks - DEBUG - Event before-endpoint-resolution.s3: calling handler <bound method S3RegionRedirectorv2.redirect_from_cache of <botocore.utils.S3RegionRedirectorv2 object at 0x00000218B0C83C10>>
[ 2025-02-13 20:02:29,504 ] botocore.regions - DEBUG - Calling endpoint provider with parameters: {'Bucket': 'usvisa-model2024-mlops', 'Region': 'us-east-1', 'UseFIPS': False, 'UseDualStack': False, 'ForcePathStyle': False, 'Accelerate': False, 'UseGlobalEndpoint': True, 'Key': 'model.pkl', 'DisableMultiRegionAccessPoints': False, 'UseArnRegion': True}
[ 2025-02-13 20:02:29,504 ] botocore.regions - DEBUG - Endpoint provider result: https://usvisa-model2024-mlops.s3.amazonaws.com
[ 2025-02-13 20:02:29,504 ] botocore.regions - DEBUG - Selecting from endpoint provider's list of auth schemes: "sigv4". User selected auth scheme is: "None"
[ 2025-02-13 20:02:29,504 ] botocore.regions - DEBUG - Selected auth type "v4" as "v4" with signing context params: {'region': 'us-east-1', 'signing_name': 's3', 'disableDoubleEncoding': True}
[ 2025-02-13 20:02:29,504 ] botocore.hooks - DEBUG - Event before-call.s3.GetObject: calling handler <function add_expect_header at 0x0000021896A73CA0>
[ 2025-02-13 20:02:29,504 ] botocore.hooks - DEBUG - Event before-call.s3.GetObject: calling handler <bound method S3ExpressIdentityResolver.apply_signing_cache_key of <botocore.utils.S3ExpressIdentityResolver object at 0x00000218B0C83CD0>>
[ 2025-02-13 20:02:29,504 ] botocore.hooks - DEBUG - Event before-call.s3.GetObject: calling handler <function add_recursion_detection_header at 0x0000021896A733A0>
[ 2025-02-13 20:02:29,504 ] botocore.hooks - DEBUG - Event before-call.s3.GetObject: calling handler <function add_query_compatibility_header at 0x0000021896A7AE50>
[ 2025-02-13 20:02:29,504 ] botocore.hooks - DEBUG - Event before-call.s3.GetObject: calling handler <function inject_api_version_header_if_needed at 0x0000021896A7A040>
[ 2025-02-13 20:02:29,504 ] botocore.endpoint - DEBUG - Making request for OperationModel(name=GetObject) with params: {'url_path': '/model.pkl', 'query_string': {}, 'method': 'GET', 'headers': {'x-amz-checksum-mode': 'ENABLED', 'User-Agent': 'Boto3/1.36.9 md/Botocore#1.36.9 ua/2.0 os/windows#10 md/arch#amd64 lang/python#3.8.20 md/pyimpl#CPython cfg/retry-mode#legacy Botocore/1.36.9 Resource'}, 'body': b'', 'auth_path': '/usvisa-model2024-mlops/model.pkl', 'url': 'https://usvisa-model2024-mlops.s3.amazonaws.com/model.pkl', 'context': {'client_region': 'us-east-1', 'client_config': <botocore.config.Config object at 0x00000218B0C36FA0>, 'has_streaming_input': False, 'auth_type': 'v4', 'unsigned_payload': None, 's3_redirect': {'redirected': False, 'bucket': 'usvisa-model2024-mlops', 'params': {'Bucket': 'usvisa-model2024-mlops', 'Key': 'model.pkl', 'ChecksumMode': 'ENABLED'}}, 'input_params': {'Bucket': 'usvisa-model2024-mlops', 'Key': 'model.pkl'}, 'signing': {'region': 'us-east-1', 'signing_name': 's3', 'disableDoubleEncoding': True}, 'endpoint_properties': {'authSchemes': [{'disableDoubleEncoding': True, 'name': 'sigv4', 'signingName': 's3', 'signingRegion': 'us-east-1'}]}, 'checksum': {'response_algorithms': ['crc32', 'sha1', 'sha256']}}}
[ 2025-02-13 20:02:29,504 ] botocore.hooks - DEBUG - Event request-created.s3.GetObject: calling handler <bound method RequestSigner.handler of <botocore.signers.RequestSigner object at 0x00000218B0C36C40>>
[ 2025-02-13 20:02:29,504 ] botocore.hooks - DEBUG - Event choose-signer.s3.GetObject: calling handler <bound method ClientCreator._default_s3_presign_to_sigv2 of <botocore.client.ClientCreator object at 0x00000218B013EBE0>>
[ 2025-02-13 20:02:29,504 ] botocore.hooks - DEBUG - Event choose-signer.s3.GetObject: calling handler <function set_operation_specific_signer at 0x0000021896A735E0>
[ 2025-02-13 20:02:29,504 ] botocore.hooks - DEBUG - Event before-sign.s3.GetObject: calling handler <function remove_arn_from_signing_path at 0x0000021896A7A940>
[ 2025-02-13 20:02:29,504 ] botocore.hooks - DEBUG - Event before-sign.s3.GetObject: calling handler <function _set_extra_headers_for_unsigned_request at 0x0000021896A7AF70>
[ 2025-02-13 20:02:29,504 ] botocore.hooks - DEBUG - Event before-sign.s3.GetObject: calling handler <bound method S3ExpressIdentityResolver.resolve_s3express_identity of <botocore.utils.S3ExpressIdentityResolver object at 0x00000218B0C83CD0>>
[ 2025-02-13 20:02:29,504 ] botocore.auth - DEBUG - Calculating signature using v4 auth.
[ 2025-02-13 20:02:29,504 ] botocore.auth - DEBUG - CanonicalRequest:
GET
/model.pkl

host:usvisa-model2024-mlops.s3.amazonaws.com
x-amz-checksum-mode:ENABLED
x-amz-content-sha256:e3b0c44298fc1c149afbf4c8996fb92427ae41e4649b934ca495991b7852b855
x-amz-date:20250214T010229Z

host;x-amz-checksum-mode;x-amz-content-sha256;x-amz-date
e3b0c44298fc1c149afbf4c8996fb92427ae41e4649b934ca495991b7852b855
[ 2025-02-13 20:02:29,504 ] botocore.auth - DEBUG - StringToSign:
AWS4-HMAC-SHA256
20250214T010229Z
20250214/us-east-1/s3/aws4_request
660b659a6423a76d32896aa6128889fa391d4c3103ff628a6f8b38f8c7a16233
[ 2025-02-13 20:02:29,504 ] botocore.auth - DEBUG - Signature:
90137a6c088f09f054e129351da018a534d0ae87f206c6a252e2f86e577febd4
[ 2025-02-13 20:02:29,504 ] botocore.hooks - DEBUG - Event request-created.s3.GetObject: calling handler <function add_retry_headers at 0x0000021896A7A790>
[ 2025-02-13 20:02:29,504 ] botocore.endpoint - DEBUG - Sending http request: <AWSPreparedRequest stream_output=True, method=GET, url=https://usvisa-model2024-mlops.s3.amazonaws.com/model.pkl, headers={'x-amz-checksum-mode': b'ENABLED', 'User-Agent': b'Boto3/1.36.9 md/Botocore#1.36.9 ua/2.0 os/windows#10 md/arch#amd64 lang/python#3.8.20 md/pyimpl#CPython cfg/retry-mode#legacy Botocore/1.36.9 Resource', 'X-Amz-Date': b'20250214T010229Z', 'X-Amz-Content-SHA256': b'e3b0c44298fc1c149afbf4c8996fb92427ae41e4649b934ca495991b7852b855', 'Authorization': b'AWS4-HMAC-SHA256 Credential=AKIA2ZIOM27YFCNRHKAM/20250214/us-east-1/s3/aws4_request, SignedHeaders=host;x-amz-checksum-mode;x-amz-content-sha256;x-amz-date, Signature=90137a6c088f09f054e129351da018a534d0ae87f206c6a252e2f86e577febd4', 'amz-sdk-invocation-id': b'89d54a5f-e76f-45e2-8613-74ad9879485e', 'amz-sdk-request': b'attempt=1'}>
[ 2025-02-13 20:02:29,504 ] botocore.httpsession - DEBUG - Certificate path: C:\Users\sande\miniconda3\envs\visa\lib\site-packages\certifi\cacert.pem
[ 2025-02-13 20:02:29,559 ] urllib3.connectionpool - DEBUG - https://usvisa-model2024-mlops.s3.amazonaws.com:443 "GET /model.pkl HTTP/1.1" 200 2739056
[ 2025-02-13 20:02:29,560 ] botocore.hooks - DEBUG - Event before-parse.s3.GetObject: calling handler <function _handle_200_error at 0x0000021896A7ACA0>
[ 2025-02-13 20:02:29,560 ] botocore.hooks - DEBUG - Event before-parse.s3.GetObject: calling handler <function handle_expires_header at 0x0000021896A7AAF0>
[ 2025-02-13 20:02:29,561 ] botocore.parsers - DEBUG - Response headers: {'x-amz-id-2': 'JF1H/o/GFPA3wA4UmamLR/bju2lMPskQ/F54mpCCOOBinhAr8pdeeJ4z5rKJcOWhl0Z7PDoe+jIgrTwCKKIUvw==', 'x-amz-request-id': '8RYQ62SJ1ZP8E4WW', 'Date': 'Fri, 14 Feb 2025 01:02:30 GMT', 'Last-Modified': 'Fri, 14 Feb 2025 00:46:09 GMT', 'ETag': '"0105d32cdc7535cec2f415499836237c"', 'x-amz-checksum-crc32': 'i1IHJA==', 'x-amz-checksum-type': 'FULL_OBJECT', 'x-amz-server-side-encryption': 'AES256', 'Accept-Ranges': 'bytes', 'Content-Type': 'binary/octet-stream', 'Content-Length': '2739056', 'Server': 'AmazonS3'}
[ 2025-02-13 20:02:29,561 ] botocore.parsers - DEBUG - Response body:
<botocore.httpchecksum.StreamingChecksumBody object at 0x00000218B0F93970>
[ 2025-02-13 20:02:29,562 ] botocore.hooks - DEBUG - Event needs-retry.s3.GetObject: calling handler <function _update_status_code at 0x0000021896A7ADC0>
[ 2025-02-13 20:02:29,563 ] botocore.hooks - DEBUG - Event needs-retry.s3.GetObject: calling handler <botocore.retryhandler.RetryHandler object at 0x00000218B0C83BB0>
[ 2025-02-13 20:02:29,563 ] botocore.retryhandler - DEBUG - No retry needed.
[ 2025-02-13 20:02:29,564 ] botocore.hooks - DEBUG - Event needs-retry.s3.GetObject: calling handler <bound method S3RegionRedirectorv2.redirect_from_error of <botocore.utils.S3RegionRedirectorv2 object at 0x00000218B0C83C10>>
[ 2025-02-13 20:02:29,564 ] boto3.resources.action - DEBUG - Response: {'ResponseMetadata': {'RequestId': '8RYQ62SJ1ZP8E4WW', 'HostId': 'JF1H/o/GFPA3wA4UmamLR/bju2lMPskQ/F54mpCCOOBinhAr8pdeeJ4z5rKJcOWhl0Z7PDoe+jIgrTwCKKIUvw==', 'HTTPStatusCode': 200, 'HTTPHeaders': {'x-amz-id-2': 'JF1H/o/GFPA3wA4UmamLR/bju2lMPskQ/F54mpCCOOBinhAr8pdeeJ4z5rKJcOWhl0Z7PDoe+jIgrTwCKKIUvw==', 'x-amz-request-id': '8RYQ62SJ1ZP8E4WW', 'date': 'Fri, 14 Feb 2025 01:02:30 GMT', 'last-modified': 'Fri, 14 Feb 2025 00:46:09 GMT', 'etag': '"0105d32cdc7535cec2f415499836237c"', 'x-amz-checksum-crc32': 'i1IHJA==', 'x-amz-checksum-type': 'FULL_OBJECT', 'x-amz-server-side-encryption': 'AES256', 'accept-ranges': 'bytes', 'content-type': 'binary/octet-stream', 'content-length': '2739056', 'server': 'AmazonS3'}, 'ChecksumAlgorithm': 'crc32', 'RetryAttempts': 0}, 'AcceptRanges': 'bytes', 'LastModified': datetime.datetime(2025, 2, 14, 0, 46, 9, tzinfo=tzutc()), 'ContentLength': 2739056, 'ETag': '"0105d32cdc7535cec2f415499836237c"', 'ChecksumCRC32': 'i1IHJA==', 'ChecksumType': 'FULL_OBJECT', 'ContentType': 'binary/octet-stream', 'ServerSideEncryption': 'AES256', 'Metadata': {}, 'Body': <botocore.httpchecksum.StreamingChecksumBody object at 0x00000218B0F93970>}
[ 2025-02-13 20:02:29,864 ] root - INFO - Exited the load_model method of S3Operations class
[ 2025-02-13 20:02:29,864 ] root - INFO - Entered predict method of UTruckModel class
[ 2025-02-13 20:02:29,864 ] root - INFO - Using the trained model to get predictions
[ 2025-02-13 20:02:29,884 ] root - INFO - Used the trained model to get predictions
